<?xml version="1.0" encoding="UTF-8"?>
<!-- Generated by org.testng.reporters.JUnitReportReporter -->
<testsuite hostname="DESKTOP-IF4HBMG" failures="0" tests="1" name="org.example.testcases.Login" time="5.597" errors="0" timestamp="2022-02-03T20:59:32 GST" skipped="0">
  <testcase classname="org.example.testcases.Login" name="validLogin" time="5.597"/>
  <system-out/>
</testsuite> <!-- org.example.testcases.Login -->
