<?xml version="1.0" encoding="UTF-8"?>
<!-- Generated by org.testng.reporters.JUnitReportReporter -->
<testsuite hostname="DESKTOP-IF4HBMG" failures="0" tests="3" name="org.example.testcases.SignUp" time="7.514" errors="0" timestamp="2022-02-03T20:59:32 GST" skipped="0">
  <testcase classname="org.example.testcases.SignUp" name="validSingUp" time="3.496"/>
  <system-out/>
  <testcase classname="org.example.testcases.SignUp" name="singUpWithUsedUsername" time="2.171"/>
  <system-out/>
  <testcase classname="org.example.testcases.SignUp" name="singUpWithEmptyFields" time="1.847"/>
  <system-out/>
</testsuite> <!-- org.example.testcases.SignUp -->
