<?xml version="1.0" encoding="UTF-8"?>
<!-- Generated by org.testng.reporters.JUnitReportReporter -->
<testsuite hostname="DESKTOP-IF4HBMG" failures="0" tests="2" name="org.example.testcases.Cart" time="9.461" errors="0" timestamp="2022-02-03T20:59:32 GST" skipped="0">
  <testcase classname="org.example.testcases.Cart" name="cartTotalPrice" time="2.480"/>
  <system-out/>
  <testcase classname="org.example.testcases.Cart" name="cartPlaceOrder" time="6.981"/>
  <system-out/>
</testsuite> <!-- org.example.testcases.Cart -->
